<?xml version="1.0" encoding="UTF-8"?>
<!-- Generated by org.testng.reporters.JUnitXMLReporter -->
<testsuite hostname="U6016926-TPL-A" name="Test" tests="2" failures="2" timestamp="14 May 2018 06:42:25 GMT" time="20.777" errors="0">
  <testcase name="@AfterMethod getResult" time="0.0" classname="euroStar.TestScripts.EuroStarTest1">
    <failure type="java.lang.NullPointerException">
      <![CDATA[java.lang.NullPointerException
	at euroStar.MasterFile.Base.getResult(Base.java:71)
... Removed 26 stack frames]]>
    </failure>
  </testcase> <!-- @AfterMethod getResult -->
  <testcase name="@AfterTest afterTest" time="0.0" classname="euroStar.TestScripts.EuroStarTest1">
    <skipped/>
  </testcase> <!-- @AfterTest afterTest -->
  <testcase name="webTitle" time="8.152" classname="euroStar.TestScripts.EuroStarTest2">
    <failure type="java.lang.AssertionError" message="Title mismatched!! expected [LinkedIn] but found [EuroSTAR Huddle - Online Software Testing Community]">
      <![CDATA[java.lang.AssertionError: Title mismatched!! expected [LinkedIn] but found [EuroSTAR Huddle - Online Software Testing Community]
	at euroStar.TestScripts.EuroStarTest2.webTitle(EuroStarTest2.java:38)
... Removed 29 stack frames]]>
    </failure>
  </testcase> <!-- webTitle -->
  <testcase name="webTitle" time="10.049" classname="euroStar.TestScripts.EuroStarTest1">
    <failure type="java.lang.AssertionError" message="Title mismatched expected [EuroSTAR Huddle - Online Software Testing Community!!] but found [EuroSTAR Huddle - Online Software Testing Community]">
      <![CDATA[java.lang.AssertionError: Title mismatched expected [EuroSTAR Huddle - Online Software Testing Community!!] but found [EuroSTAR Huddle - Online Software Testing Community]
	at euroStar.TestScripts.EuroStarTest1.webTitle(EuroStarTest1.java:49)
... Removed 29 stack frames]]>
    </failure>
  </testcase> <!-- webTitle -->
</testsuite> <!-- Test -->
