<?xml version="1.0" encoding="UTF-8"?>
<!-- Generated by org.testng.reporters.JUnitXMLReporter -->
<testsuite hostname="U6016926-TPL-A" name="Test" tests="3" failures="0" timestamp="1 May 2018 16:49:57 GMT" time="0.02" errors="0">
  <testcase name="@BeforeSuite initialize" time="0.0" classname="euroStar.Reports.ReportNGReport.EuroStarTest3_VigoReport">
    <failure type="java.lang.NoClassDefFoundError" message="com/google/common/base/Function">
      <![CDATA[java.lang.NoClassDefFoundError: com/google/common/base/Function
	at euroStar.MasterFile.Base.initialize(Base.java:37)
Caused by: java.lang.ClassNotFoundException: com.google.common.base.Function
	at java.net.URLClassLoader.findClass(URLClassLoader.java:381)
	at java.lang.ClassLoader.loadClass(ClassLoader.java:424)
	at sun.misc.Launcher$AppClassLoader.loadClass(Launcher.java:335)
	at java.lang.ClassLoader.loadClass(ClassLoader.java:357)
	... 19 more
... Removed 18 stack frames]]>
    </failure>
  </testcase> <!-- @BeforeSuite initialize -->
  <testcase name="@BeforeTest M1" time="0.0" classname="euroStar.Reports.ReportNGReport.EuroStarTest3_VigoReport">
    <skipped/>
  </testcase> <!-- @BeforeTest M1 -->
  <testcase name="@AfterMethod getResult" time="0.0" classname="euroStar.Reports.ReportNGReport.EuroStarTest3_VigoReport">
    <skipped/>
  </testcase> <!-- @AfterMethod getResult -->
  <testcase name="@AfterMethod getResult" time="0.0" classname="euroStar.Reports.ReportNGReport.EuroStarTest3_VigoReport">
    <skipped/>
  </testcase> <!-- @AfterMethod getResult -->
  <testcase name="@AfterTest afterTest" time="0.0" classname="euroStar.Reports.ReportNGReport.EuroStarTest3_VigoReport">
    <skipped/>
  </testcase> <!-- @AfterTest afterTest -->
  <testcase name="verifyUrl" time="0.001" classname="euroStar.Reports.ReportNGReport.EuroStarTest3_VigoReport">
    <skipped/>
  </testcase> <!-- verifyUrl -->
  <testcase name="verifyWebTitle" time="0.001" classname="euroStar.Reports.ReportNGReport.EuroStarTest3_VigoReport">
    <skipped/>
  </testcase> <!-- verifyWebTitle -->
  <testcase name="verifyWebTitleToSkip" time="0.0" classname="euroStar.Reports.ReportNGReport.EuroStarTest3_VigoReport">
    <skipped/>
  </testcase> <!-- verifyWebTitleToSkip -->
</testsuite> <!-- Test -->
