<?xml version="1.0" encoding="UTF-8"?>
<testsuite name="Test"
           tests="9"
           failures="1"
           errors="0"
           skipped="8"
           time="0.002">
  <properties />
            <testcase name="initialize" time="0.000" classname="euroStar.Reports.ReportNGReport.EuroStarTest3_VigoReport">
                <failure type="java.lang.NoClassDefFoundError"
                  message="com/google/common/base/Function"
              >
<![CDATA[java.lang.NoClassDefFoundError: com/google/common/base/Function
  euroStar.MasterFile.Base.initialize(Base.java:37)
  sun.reflect.NativeMethodAccessorImpl.invoke0(Native Method)
  sun.reflect.NativeMethodAccessorImpl.invoke(NativeMethodAccessorImpl.java:62)
  sun.reflect.DelegatingMethodAccessorImpl.invoke(DelegatingMethodAccessorImpl.java:43)
  java.lang.reflect.Method.invoke(Method.java:498)
  org.testng.internal.MethodInvocationHelper.invokeMethod(MethodInvocationHelper.java:86)
  org.testng.internal.Invoker.invokeConfigurationMethod(Invoker.java:514)
  org.testng.internal.Invoker.invokeConfigurations(Invoker.java:215)
  org.testng.internal.Invoker.invokeConfigurations(Invoker.java:142)
  org.testng.SuiteRunner.privateRun(SuiteRunner.java:305)
  org.testng.SuiteRunner.run(SuiteRunner.java:268)
  org.testng.SuiteRunnerWorker.runSuite(SuiteRunnerWorker.java:52)
  org.testng.SuiteRunnerWorker.run(SuiteRunnerWorker.java:86)
  org.testng.TestNG.runSuitesSequentially(TestNG.java:1244)
  org.testng.TestNG.runSuitesLocally(TestNG.java:1169)
  org.testng.TestNG.run(TestNG.java:1064)
  org.testng.remote.AbstractRemoteTestNG.run(AbstractRemoteTestNG.java:114)
  org.testng.remote.RemoteTestNG.initAndRun(RemoteTestNG.java:251)
  org.testng.remote.RemoteTestNG.main(RemoteTestNG.java:77)
Caused by: java.lang.ClassNotFoundException: com.google.common.base.Function
  java.net.URLClassLoader.findClass(URLClassLoader.java:381)
  java.lang.ClassLoader.loadClass(ClassLoader.java:424)
  sun.misc.Launcher$AppClassLoader.loadClass(Launcher.java:335)
  java.lang.ClassLoader.loadClass(ClassLoader.java:357)
  euroStar.MasterFile.Base.initialize(Base.java:37)
  sun.reflect.NativeMethodAccessorImpl.invoke0(Native Method)
  sun.reflect.NativeMethodAccessorImpl.invoke(NativeMethodAccessorImpl.java:62)
  sun.reflect.DelegatingMethodAccessorImpl.invoke(DelegatingMethodAccessorImpl.java:43)
  java.lang.reflect.Method.invoke(Method.java:498)
  org.testng.internal.MethodInvocationHelper.invokeMethod(MethodInvocationHelper.java:86)
  org.testng.internal.Invoker.invokeConfigurationMethod(Invoker.java:514)
  org.testng.internal.Invoker.invokeConfigurations(Invoker.java:215)
  org.testng.internal.Invoker.invokeConfigurations(Invoker.java:142)
  org.testng.SuiteRunner.privateRun(SuiteRunner.java:305)
  org.testng.SuiteRunner.run(SuiteRunner.java:268)
  org.testng.SuiteRunnerWorker.runSuite(SuiteRunnerWorker.java:52)
  org.testng.SuiteRunnerWorker.run(SuiteRunnerWorker.java:86)
  org.testng.TestNG.runSuitesSequentially(TestNG.java:1244)
  org.testng.TestNG.runSuitesLocally(TestNG.java:1169)
  org.testng.TestNG.run(TestNG.java:1064)
  org.testng.remote.AbstractRemoteTestNG.run(AbstractRemoteTestNG.java:114)
  org.testng.remote.RemoteTestNG.initAndRun(RemoteTestNG.java:251)
  org.testng.remote.RemoteTestNG.main(RemoteTestNG.java:77)
]]>
      </failure>

          </testcase>
  
            <testcase name="getResult" time="0.0" classname="euroStar.Reports.ReportNGReport.EuroStarTest3_VigoReport">
          <skipped />
    </testcase>
            <testcase name="afterTest" time="0.0" classname="euroStar.Reports.ReportNGReport.EuroStarTest3_VigoReport">
          <skipped />
    </testcase>
            <testcase name="M1" time="0.0" classname="euroStar.Reports.ReportNGReport.EuroStarTest3_VigoReport">
          <skipped />
    </testcase>
            <testcase name="getResult" time="0.0" classname="euroStar.Reports.ReportNGReport.EuroStarTest3_VigoReport">
          <skipped />
    </testcase>
            <testcase name="TeardownTest" time="0.0" classname="euroStar.Reports.ReportNGReport.EuroStarTest3_VigoReport">
          <skipped />
    </testcase>
            <testcase name="verifyWebTitleToSkip" time="0.0" classname="euroStar.Reports.ReportNGReport.EuroStarTest3_VigoReport">
          <skipped />
    </testcase>
            <testcase name="verifyWebTitle" time="0.0" classname="euroStar.Reports.ReportNGReport.EuroStarTest3_VigoReport">
          <skipped />
    </testcase>
            <testcase name="verifyUrl" time="0.0" classname="euroStar.Reports.ReportNGReport.EuroStarTest3_VigoReport">
          <skipped />
    </testcase>
  
  
</testsuite>
