<?xml version="1.0" encoding="UTF-8"?>
<testng-results skipped="3" failed="0" total="3" passed="0">
  <reporter-output>
  </reporter-output>
  <suite name="Suite" duration-ms="20" started-at="2018-05-01T16:49:57Z" finished-at="2018-05-01T16:49:57Z">
    <groups>
    </groups>
    <test name="Test" duration-ms="20" started-at="2018-05-01T16:49:57Z" finished-at="2018-05-01T16:49:57Z">
      <class name="euroStar.Reports.ReportNGReport.EuroStarTest3_VigoReport">
        <test-method status="FAIL" signature="initialize()[pri:0, instance:euroStar.Reports.ReportNGReport.EuroStarTest3_VigoReport@3a883ce7]" name="initialize" is-config="true" duration-ms="0" started-at="2018-05-01T22:19:57Z" finished-at="2018-05-01T22:19:57Z">
          <exception class="java.lang.NoClassDefFoundError">
            <message>
              <![CDATA[com/google/common/base/Function]]>
            </message>
            <full-stacktrace>
              <![CDATA[java.lang.NoClassDefFoundError: com/google/common/base/Function
	at euroStar.MasterFile.Base.initialize(Base.java:37)
	at sun.reflect.NativeMethodAccessorImpl.invoke0(Native Method)
	at sun.reflect.NativeMethodAccessorImpl.invoke(NativeMethodAccessorImpl.java:62)
	at sun.reflect.DelegatingMethodAccessorImpl.invoke(DelegatingMethodAccessorImpl.java:43)
	at java.lang.reflect.Method.invoke(Method.java:498)
	at org.testng.internal.MethodInvocationHelper.invokeMethod(MethodInvocationHelper.java:86)
	at org.testng.internal.Invoker.invokeConfigurationMethod(Invoker.java:514)
	at org.testng.internal.Invoker.invokeConfigurations(Invoker.java:215)
	at org.testng.internal.Invoker.invokeConfigurations(Invoker.java:142)
	at org.testng.SuiteRunner.privateRun(SuiteRunner.java:305)
	at org.testng.SuiteRunner.run(SuiteRunner.java:268)
	at org.testng.SuiteRunnerWorker.runSuite(SuiteRunnerWorker.java:52)
	at org.testng.SuiteRunnerWorker.run(SuiteRunnerWorker.java:86)
	at org.testng.TestNG.runSuitesSequentially(TestNG.java:1244)
	at org.testng.TestNG.runSuitesLocally(TestNG.java:1169)
	at org.testng.TestNG.run(TestNG.java:1064)
	at org.testng.remote.AbstractRemoteTestNG.run(AbstractRemoteTestNG.java:114)
	at org.testng.remote.RemoteTestNG.initAndRun(RemoteTestNG.java:251)
	at org.testng.remote.RemoteTestNG.main(RemoteTestNG.java:77)
Caused by: java.lang.ClassNotFoundException: com.google.common.base.Function
	at java.net.URLClassLoader.findClass(URLClassLoader.java:381)
	at java.lang.ClassLoader.loadClass(ClassLoader.java:424)
	at sun.misc.Launcher$AppClassLoader.loadClass(Launcher.java:335)
	at java.lang.ClassLoader.loadClass(ClassLoader.java:357)
	... 19 more
]]>
            </full-stacktrace>
          </exception> <!-- java.lang.NoClassDefFoundError -->
          <reporter-output>
          </reporter-output>
        </test-method> <!-- initialize -->
        <test-method status="SKIP" signature="M1()[pri:0, instance:euroStar.Reports.ReportNGReport.EuroStarTest3_VigoReport@3a883ce7]" name="M1" is-config="true" duration-ms="0" started-at="2018-05-01T22:19:57Z" finished-at="2018-05-01T22:19:57Z">
          <reporter-output>
          </reporter-output>
        </test-method> <!-- M1 -->
        <test-method status="SKIP" signature="verifyUrl()[pri:0, instance:euroStar.Reports.ReportNGReport.EuroStarTest3_VigoReport@3a883ce7]" name="verifyUrl" duration-ms="1" started-at="2018-05-01T22:19:57Z" finished-at="2018-05-01T22:19:57Z">
          <reporter-output>
          </reporter-output>
        </test-method> <!-- verifyUrl -->
        <test-method status="SKIP" signature="getResult(org.testng.ITestResult)[pri:0, instance:euroStar.Reports.ReportNGReport.EuroStarTest3_VigoReport@3a883ce7]" name="getResult" is-config="true" duration-ms="0" started-at="2018-05-01T22:19:57Z" finished-at="2018-05-01T22:19:57Z">
          <reporter-output>
          </reporter-output>
        </test-method> <!-- getResult -->
        <test-method status="SKIP" signature="verifyWebTitle()[pri:0, instance:euroStar.Reports.ReportNGReport.EuroStarTest3_VigoReport@3a883ce7]" name="verifyWebTitle" duration-ms="1" started-at="2018-05-01T22:19:57Z" finished-at="2018-05-01T22:19:57Z">
          <reporter-output>
          </reporter-output>
        </test-method> <!-- verifyWebTitle -->
        <test-method status="SKIP" signature="getResult(org.testng.ITestResult)[pri:0, instance:euroStar.Reports.ReportNGReport.EuroStarTest3_VigoReport@3a883ce7]" name="getResult" is-config="true" duration-ms="0" started-at="2018-05-01T22:19:57Z" finished-at="2018-05-01T22:19:57Z">
          <reporter-output>
          </reporter-output>
        </test-method> <!-- getResult -->
        <test-method status="SKIP" signature="verifyWebTitleToSkip()[pri:0, instance:euroStar.Reports.ReportNGReport.EuroStarTest3_VigoReport@3a883ce7]" name="verifyWebTitleToSkip" duration-ms="0" started-at="2018-05-01T22:19:57Z" depends-on-methods="euroStar.Reports.ReportNGReport.EuroStarTest3_VigoReport.verifyWebTitle" finished-at="2018-05-01T22:19:57Z">
          <exception class="java.lang.Throwable">
            <message>
              <![CDATA[Method EuroStarTest3_VigoReport.verifyWebTitleToSkip()[pri:0, instance:euroStar.Reports.ReportNGReport.EuroStarTest3_VigoReport@3a883ce7] depends on not successfully finished methods]]>
            </message>
            <full-stacktrace>
              <![CDATA[java.lang.Throwable: Method EuroStarTest3_VigoReport.verifyWebTitleToSkip()[pri:0, instance:euroStar.Reports.ReportNGReport.EuroStarTest3_VigoReport@3a883ce7] depends on not successfully finished methods
	at org.testng.internal.Invoker.invokeTestMethods(Invoker.java:1037)
	at org.testng.internal.TestMethodWorker.invokeTestMethods(TestMethodWorker.java:129)
	at org.testng.internal.TestMethodWorker.run(TestMethodWorker.java:112)
	at org.testng.TestRunner.privateRun(TestRunner.java:782)
	at org.testng.TestRunner.run(TestRunner.java:632)
	at org.testng.SuiteRunner.runTest(SuiteRunner.java:366)
	at org.testng.SuiteRunner.runSequentially(SuiteRunner.java:361)
	at org.testng.SuiteRunner.privateRun(SuiteRunner.java:319)
	at org.testng.SuiteRunner.run(SuiteRunner.java:268)
	at org.testng.SuiteRunnerWorker.runSuite(SuiteRunnerWorker.java:52)
	at org.testng.SuiteRunnerWorker.run(SuiteRunnerWorker.java:86)
	at org.testng.TestNG.runSuitesSequentially(TestNG.java:1244)
	at org.testng.TestNG.runSuitesLocally(TestNG.java:1169)
	at org.testng.TestNG.run(TestNG.java:1064)
	at org.testng.remote.AbstractRemoteTestNG.run(AbstractRemoteTestNG.java:114)
	at org.testng.remote.RemoteTestNG.initAndRun(RemoteTestNG.java:251)
	at org.testng.remote.RemoteTestNG.main(RemoteTestNG.java:77)
]]>
            </full-stacktrace>
          </exception> <!-- java.lang.Throwable -->
          <reporter-output>
          </reporter-output>
        </test-method> <!-- verifyWebTitleToSkip -->
        <test-method status="SKIP" signature="afterTest()[pri:0, instance:euroStar.Reports.ReportNGReport.EuroStarTest3_VigoReport@3a883ce7]" name="afterTest" is-config="true" duration-ms="0" started-at="2018-05-01T22:19:57Z" finished-at="2018-05-01T22:19:57Z">
          <reporter-output>
          </reporter-output>
        </test-method> <!-- afterTest -->
        <test-method status="SKIP" signature="TeardownTest()[pri:0, instance:euroStar.Reports.ReportNGReport.EuroStarTest3_VigoReport@3a883ce7]" name="TeardownTest" is-config="true" duration-ms="0" started-at="2018-05-01T22:19:57Z" finished-at="2018-05-01T22:19:57Z">
          <reporter-output>
          </reporter-output>
        </test-method> <!-- TeardownTest -->
      </class> <!-- euroStar.Reports.ReportNGReport.EuroStarTest3_VigoReport -->
    </test> <!-- Test -->
  </suite> <!-- Suite -->
</testng-results>
